{"uid":"3cc30de48b1ef0bb","name":"Workout: positive case with only date field","fullName":"tests.WorkoutAddTest.checkPositiveAddWorkoutWithValidDate","historyId":"96abf04d1cdfc95ad06ccb41b31ff502","time":{"start":1759873308961,"stop":1759873320351,"duration":11390},"status":"failed","statusMessage":"Element not found {By.xpath: //a[@data-code='run']}\nExpected: visible\nScreenshot: file:/home/runner/work/FinalSurgeQA31/FinalSurgeQA31/build/reports/tests/1759873320292.44.png\nPage source: file:/home/runner/work/FinalSurgeQA31/FinalSurgeQA31/build/reports/tests/1759873320292.44.html\nTimeout: 10 s.\nCaused by: NoSuchElementException: no such element: Unable to locate element: {\"method\":\"xpath\",\"selector\":\"//a[@data-code='run']\"}","statusTrace":"Element not found {By.xpath: //a[@data-code='run']}\nExpected: visible\nScreenshot: file:/home/runner/work/FinalSurgeQA31/FinalSurgeQA31/build/reports/tests/1759873320292.44.png\nPage source: file:/home/runner/work/FinalSurgeQA31/FinalSurgeQA31/build/reports/tests/1759873320292.44.html\nTimeout: 10 s.\nCaused by: NoSuchElementException: no such element: Unable to locate element: {\"method\":\"xpath\",\"selector\":\"//a[@data-code='run']\"}\n\tat com.codeborne.selenide.impl.WebElementSource.createElementNotFoundError(WebElementSource.java:89)\n\tat com.codeborne.selenide.impl.ElementFinder.createElementNotFoundError(ElementFinder.java:129)\n\tat com.codeborne.selenide.impl.WebElementSource.handleError(WebElementSource.java:140)\n\tat com.codeborne.selenide.impl.WebElementSource.checkConditionAndReturnElement(WebElementSource.java:123)\n\tat com.codeborne.selenide.impl.WebElementSource.checkCondition(WebElementSource.java:99)\n\tat com.codeborne.selenide.commands.Should.execute(Should.java:24)\n\tat com.codeborne.selenide.FluentCommand.execute(FluentCommand.java:27)\n\tat com.codeborne.selenide.FluentCommand.execute(FluentCommand.java:19)\n\tat com.codeborne.selenide.commands.Commands.execute(Commands.java:160)\n\tat com.codeborne.selenide.impl.SelenideElementProxy.dispatchAndRetry(SelenideElementProxy.java:131)\n\tat com.codeborne.selenide.impl.SelenideElementProxy.invoke(SelenideElementProxy.java:83)\n\tat jdk.proxy2/jdk.proxy2.$Proxy27.shouldBe(Unknown Source)\n\tat pages.WorkoutAddPage.addWorkout(WorkoutAddPage.java:39)\n\tat tests.WorkoutAddTest.checkPositiveAddWorkoutWithValidDate(WorkoutAddTest.java:49)\n\tat java.base/jdk.internal.reflect.NativeMethodAccessorImpl.invoke0(Native Method)\n\tat java.base/jdk.internal.reflect.NativeMethodAccessorImpl.invoke(NativeMethodAccessorImpl.java:77)\n\tat java.base/jdk.internal.reflect.DelegatingMethodAccessorImpl.invoke(DelegatingMethodAccessorImpl.java:43)\n\tat java.base/java.lang.reflect.Method.invoke(Method.java:569)\n\tat org.testng.internal.invokers.MethodInvocationHelper.invokeMethod(MethodInvocationHelper.java:141)\n\tat org.testng.internal.invokers.TestInvoker.invokeMethod(TestInvoker.java:687)\n\tat org.testng.internal.invokers.TestInvoker.retryFailed(TestInvoker.java:269)\n\tat org.testng.internal.invokers.MethodRunner.runInSequence(MethodRunner.java:76)\n\tat org.testng.internal.invokers.TestInvoker$MethodInvocationAgent.invoke(TestInvoker.java:995)\n\tat org.testng.internal.invokers.TestInvoker.invokeTestMethods(TestInvoker.java:203)\n\tat org.testng.internal.invokers.TestMethodWorker.invokeTestMethods(TestMethodWorker.java:154)\n\tat org.testng.internal.invokers.TestMethodWorker.run(TestMethodWorker.java:134)\n\tat java.base/java.util.ArrayList.forEach(ArrayList.java:1511)\n\tat org.testng.TestRunner.privateRun(TestRunner.java:741)\n\tat org.testng.TestRunner.run(TestRunner.java:616)\n\tat org.testng.SuiteRunner.runTest(SuiteRunner.java:421)\n\tat org.testng.SuiteRunner$SuiteWorker.run(SuiteRunner.java:463)\n\tat org.testng.internal.thread.ThreadUtil.lambda$execute$0(ThreadUtil.java:64)\n\tat java.base/java.util.concurrent.FutureTask.run(FutureTask.java:264)\n\tat java.base/java.util.concurrent.ThreadPoolExecutor.runWorker(ThreadPoolExecutor.java:1136)\n\tat java.base/java.util.concurrent.ThreadPoolExecutor$Worker.run(ThreadPoolExecutor.java:635)\n\tat java.base/java.lang.Thread.run(Thread.java:840)\nCaused by: org.openqa.selenium.NoSuchElementException: no such element: Unable to locate element: {\"method\":\"xpath\",\"selector\":\"//a[@data-code='run']\"}\n  (Session info: chrome=140.0.7339.207)\nFor documentation on this error, please visit: https://www.selenium.dev/documentation/webdriver/troubleshooting/errors#no-such-element-exception\nBuild info: version: '4.35.0', revision: '1c58e5028b'\nSystem info: os.name: 'Linux', os.arch: 'amd64', os.version: '6.11.0-1018-azure', java.version: '17.0.16'\nDriver info: org.openqa.selenium.chrome.ChromeDriver\nCommand: [3825d56791aa9655bbf16a42e968aa3e, findElement {value=//a[@data-code='run'], using=xpath}]\nCapabilities {acceptInsecureCerts: true, browserName: chrome, browserVersion: 140.0.7339.207, chrome: {chromedriverVersion: 140.0.7339.207 (17230b545fd..., userDataDir: /tmp/.org.chromium.Chromium...}, fedcm:accounts: true, goog:chromeOptions: {debuggerAddress: localhost:42461}, networkConnectionEnabled: false, pageLoadStrategy: normal, platformName: linux, proxy: Proxy(), se:cdp: ws://localhost:42461/devtoo..., se:cdpVersion: 140.0.7339.207, setWindowRect: true, strictFileInteractability: false, timeouts: {implicit: 0, pageLoad: 300000, script: 30000}, unhandledPromptBehavior: accept, webauthn:extension:credBlob: true, webauthn:extension:largeBlob: true, webauthn:extension:minPinLength: true, webauthn:extension:prf: true, webauthn:virtualAuthenticators: true}\nSession ID: 3825d56791aa9655bbf16a42e968aa3e\n\tat jdk.internal.reflect.GeneratedConstructorAccessor17.newInstance(Unknown Source)\n\tat java.base/jdk.internal.reflect.DelegatingConstructorAccessorImpl.newInstance(DelegatingConstructorAccessorImpl.java:45)\n\tat java.base/java.lang.reflect.Constructor.newInstanceWithCaller(Constructor.java:500)\n\tat java.base/java.lang.reflect.Constructor.newInstance(Constructor.java:481)\n\tat org.openqa.selenium.remote.ErrorCodec.decode(ErrorCodec.java:167)\n\tat org.openqa.selenium.remote.codec.w3c.W3CHttpResponseCodec.decode(W3CHttpResponseCodec.java:138)\n\tat org.openqa.selenium.remote.codec.w3c.W3CHttpResponseCodec.decode(W3CHttpResponseCodec.java:50)\n\tat org.openqa.selenium.remote.HttpCommandExecutor.execute(HttpCommandExecutor.java:215)\n\tat org.openqa.selenium.remote.service.DriverCommandExecutor.invokeExecute(DriverCommandExecutor.java:216)\n\tat org.openqa.selenium.remote.service.DriverCommandExecutor.execute(DriverCommandExecutor.java:174)\n\tat org.openqa.selenium.remote.RemoteWebDriver.execute(RemoteWebDriver.java:557)\n\tat org.openqa.selenium.remote.ElementLocation$ElementFinder$2.findElement(ElementLocation.java:165)\n\tat org.openqa.selenium.remote.ElementLocation.findElement(ElementLocation.java:59)\n\tat org.openqa.selenium.remote.RemoteWebDriver.findElement(RemoteWebDriver.java:380)\n\tat org.openqa.selenium.remote.RemoteWebDriver.findElement(RemoteWebDriver.java:374)\n\tat com.codeborne.selenide.impl.WebElementSelector.findElement(WebElementSelector.java:67)\n\tat com.codeborne.selenide.impl.WebElementSelector.findElement(WebElementSelector.java:38)\n\tat com.codeborne.selenide.impl.WebElementSelector.findElement(WebElementSelector.java:29)\n\tat com.codeborne.selenide.impl.ElementFinder.getWebElement(ElementFinder.java:113)\n\tat com.codeborne.selenide.impl.WebElementSource.checkConditionAndReturnElement(WebElementSource.java:112)\n\t... 32 more\n","flaky":true,"newFailed":true,"newBroken":false,"newPassed":false,"retriesCount":2,"retriesStatusChange":true,"beforeStages":[{"name":"setUP","time":{"start":1759873308960,"stop":1759873308960,"duration":0},"description":"","status":"passed","steps":[],"attachments":[],"parameters":[],"stepsCount":0,"shouldDisplayMessage":false,"attachmentsCount":0,"hasContent":false,"attachmentStep":false}],"testStage":{"status":"failed","statusMessage":"Element not found {By.xpath: //a[@data-code='run']}\nExpected: visible\nScreenshot: file:/home/runner/work/FinalSurgeQA31/FinalSurgeQA31/build/reports/tests/1759873320292.44.png\nPage source: file:/home/runner/work/FinalSurgeQA31/FinalSurgeQA31/build/reports/tests/1759873320292.44.html\nTimeout: 10 s.\nCaused by: NoSuchElementException: no such element: Unable to locate element: {\"method\":\"xpath\",\"selector\":\"//a[@data-code='run']\"}","statusTrace":"Element not found {By.xpath: //a[@data-code='run']}\nExpected: visible\nScreenshot: file:/home/runner/work/FinalSurgeQA31/FinalSurgeQA31/build/reports/tests/1759873320292.44.png\nPage source: file:/home/runner/work/FinalSurgeQA31/FinalSurgeQA31/build/reports/tests/1759873320292.44.html\nTimeout: 10 s.\nCaused by: NoSuchElementException: no such element: Unable to locate element: {\"method\":\"xpath\",\"selector\":\"//a[@data-code='run']\"}\n\tat com.codeborne.selenide.impl.WebElementSource.createElementNotFoundError(WebElementSource.java:89)\n\tat com.codeborne.selenide.impl.ElementFinder.createElementNotFoundError(ElementFinder.java:129)\n\tat com.codeborne.selenide.impl.WebElementSource.handleError(WebElementSource.java:140)\n\tat com.codeborne.selenide.impl.WebElementSource.checkConditionAndReturnElement(WebElementSource.java:123)\n\tat com.codeborne.selenide.impl.WebElementSource.checkCondition(WebElementSource.java:99)\n\tat com.codeborne.selenide.commands.Should.execute(Should.java:24)\n\tat com.codeborne.selenide.FluentCommand.execute(FluentCommand.java:27)\n\tat com.codeborne.selenide.FluentCommand.execute(FluentCommand.java:19)\n\tat com.codeborne.selenide.commands.Commands.execute(Commands.java:160)\n\tat com.codeborne.selenide.impl.SelenideElementProxy.dispatchAndRetry(SelenideElementProxy.java:131)\n\tat com.codeborne.selenide.impl.SelenideElementProxy.invoke(SelenideElementProxy.java:83)\n\tat jdk.proxy2/jdk.proxy2.$Proxy27.shouldBe(Unknown Source)\n\tat pages.WorkoutAddPage.addWorkout(WorkoutAddPage.java:39)\n\tat tests.WorkoutAddTest.checkPositiveAddWorkoutWithValidDate(WorkoutAddTest.java:49)\n\tat java.base/jdk.internal.reflect.NativeMethodAccessorImpl.invoke0(Native Method)\n\tat java.base/jdk.internal.reflect.NativeMethodAccessorImpl.invoke(NativeMethodAccessorImpl.java:77)\n\tat java.base/jdk.internal.reflect.DelegatingMethodAccessorImpl.invoke(DelegatingMethodAccessorImpl.java:43)\n\tat java.base/java.lang.reflect.Method.invoke(Method.java:569)\n\tat org.testng.internal.invokers.MethodInvocationHelper.invokeMethod(MethodInvocationHelper.java:141)\n\tat org.testng.internal.invokers.TestInvoker.invokeMethod(TestInvoker.java:687)\n\tat org.testng.internal.invokers.TestInvoker.retryFailed(TestInvoker.java:269)\n\tat org.testng.internal.invokers.MethodRunner.runInSequence(MethodRunner.java:76)\n\tat org.testng.internal.invokers.TestInvoker$MethodInvocationAgent.invoke(TestInvoker.java:995)\n\tat org.testng.internal.invokers.TestInvoker.invokeTestMethods(TestInvoker.java:203)\n\tat org.testng.internal.invokers.TestMethodWorker.invokeTestMethods(TestMethodWorker.java:154)\n\tat org.testng.internal.invokers.TestMethodWorker.run(TestMethodWorker.java:134)\n\tat java.base/java.util.ArrayList.forEach(ArrayList.java:1511)\n\tat org.testng.TestRunner.privateRun(TestRunner.java:741)\n\tat org.testng.TestRunner.run(TestRunner.java:616)\n\tat org.testng.SuiteRunner.runTest(SuiteRunner.java:421)\n\tat org.testng.SuiteRunner$SuiteWorker.run(SuiteRunner.java:463)\n\tat org.testng.internal.thread.ThreadUtil.lambda$execute$0(ThreadUtil.java:64)\n\tat java.base/java.util.concurrent.FutureTask.run(FutureTask.java:264)\n\tat java.base/java.util.concurrent.ThreadPoolExecutor.runWorker(ThreadPoolExecutor.java:1136)\n\tat java.base/java.util.concurrent.ThreadPoolExecutor$Worker.run(ThreadPoolExecutor.java:635)\n\tat java.base/java.lang.Thread.run(Thread.java:840)\nCaused by: org.openqa.selenium.NoSuchElementException: no such element: Unable to locate element: {\"method\":\"xpath\",\"selector\":\"//a[@data-code='run']\"}\n  (Session info: chrome=140.0.7339.207)\nFor documentation on this error, please visit: https://www.selenium.dev/documentation/webdriver/troubleshooting/errors#no-such-element-exception\nBuild info: version: '4.35.0', revision: '1c58e5028b'\nSystem info: os.name: 'Linux', os.arch: 'amd64', os.version: '6.11.0-1018-azure', java.version: '17.0.16'\nDriver info: org.openqa.selenium.chrome.ChromeDriver\nCommand: [3825d56791aa9655bbf16a42e968aa3e, findElement {value=//a[@data-code='run'], using=xpath}]\nCapabilities {acceptInsecureCerts: true, browserName: chrome, browserVersion: 140.0.7339.207, chrome: {chromedriverVersion: 140.0.7339.207 (17230b545fd..., userDataDir: /tmp/.org.chromium.Chromium...}, fedcm:accounts: true, goog:chromeOptions: {debuggerAddress: localhost:42461}, networkConnectionEnabled: false, pageLoadStrategy: normal, platformName: linux, proxy: Proxy(), se:cdp: ws://localhost:42461/devtoo..., se:cdpVersion: 140.0.7339.207, setWindowRect: true, strictFileInteractability: false, timeouts: {implicit: 0, pageLoad: 300000, script: 30000}, unhandledPromptBehavior: accept, webauthn:extension:credBlob: true, webauthn:extension:largeBlob: true, webauthn:extension:minPinLength: true, webauthn:extension:prf: true, webauthn:virtualAuthenticators: true}\nSession ID: 3825d56791aa9655bbf16a42e968aa3e\n\tat jdk.internal.reflect.GeneratedConstructorAccessor17.newInstance(Unknown Source)\n\tat java.base/jdk.internal.reflect.DelegatingConstructorAccessorImpl.newInstance(DelegatingConstructorAccessorImpl.java:45)\n\tat java.base/java.lang.reflect.Constructor.newInstanceWithCaller(Constructor.java:500)\n\tat java.base/java.lang.reflect.Constructor.newInstance(Constructor.java:481)\n\tat org.openqa.selenium.remote.ErrorCodec.decode(ErrorCodec.java:167)\n\tat org.openqa.selenium.remote.codec.w3c.W3CHttpResponseCodec.decode(W3CHttpResponseCodec.java:138)\n\tat org.openqa.selenium.remote.codec.w3c.W3CHttpResponseCodec.decode(W3CHttpResponseCodec.java:50)\n\tat org.openqa.selenium.remote.HttpCommandExecutor.execute(HttpCommandExecutor.java:215)\n\tat org.openqa.selenium.remote.service.DriverCommandExecutor.invokeExecute(DriverCommandExecutor.java:216)\n\tat org.openqa.selenium.remote.service.DriverCommandExecutor.execute(DriverCommandExecutor.java:174)\n\tat org.openqa.selenium.remote.RemoteWebDriver.execute(RemoteWebDriver.java:557)\n\tat org.openqa.selenium.remote.ElementLocation$ElementFinder$2.findElement(ElementLocation.java:165)\n\tat org.openqa.selenium.remote.ElementLocation.findElement(ElementLocation.java:59)\n\tat org.openqa.selenium.remote.RemoteWebDriver.findElement(RemoteWebDriver.java:380)\n\tat org.openqa.selenium.remote.RemoteWebDriver.findElement(RemoteWebDriver.java:374)\n\tat com.codeborne.selenide.impl.WebElementSelector.findElement(WebElementSelector.java:67)\n\tat com.codeborne.selenide.impl.WebElementSelector.findElement(WebElementSelector.java:38)\n\tat com.codeborne.selenide.impl.WebElementSelector.findElement(WebElementSelector.java:29)\n\tat com.codeborne.selenide.impl.ElementFinder.getWebElement(ElementFinder.java:113)\n\tat com.codeborne.selenide.impl.WebElementSource.checkConditionAndReturnElement(WebElementSource.java:112)\n\t... 32 more\n","steps":[{"name":"Открытие страницы авторизации","time":{"start":1759873308961,"stop":1759873309887,"duration":926},"status":"passed","steps":[],"attachments":[],"parameters":[],"stepsCount":0,"shouldDisplayMessage":false,"attachmentsCount":0,"hasContent":false,"attachmentStep":false},{"name":"Авторизация: пользователь='null', rememberMe=false","time":{"start":1759873309887,"stop":1759873310003,"duration":116},"status":"passed","steps":[],"attachments":[],"parameters":[{"name":"name","value":"null"},{"name":"password","value":"null"},{"name":"remember","value":"false"}],"stepsCount":0,"shouldDisplayMessage":false,"attachmentsCount":0,"hasContent":true,"attachmentStep":false},{"name":"Нажатие кнопки Login","time":{"start":1759873310003,"stop":1759873310036,"duration":33},"status":"passed","steps":[],"attachments":[],"parameters":[],"stepsCount":0,"shouldDisplayMessage":false,"attachmentsCount":0,"hasContent":false,"attachmentStep":false},{"name":"Открытие страницы добавления тренировки","time":{"start":1759873310036,"stop":1759873310267,"duration":231},"status":"passed","steps":[],"attachments":[],"parameters":[],"stepsCount":0,"shouldDisplayMessage":false,"attachmentsCount":0,"hasContent":false,"attachmentStep":false},{"name":"Добавление тренировки: , дата=10/27/2025, дистанция=","time":{"start":1759873310267,"stop":1759873320351,"duration":10084},"status":"failed","statusMessage":"Element not found {By.xpath: //a[@data-code='run']}\nExpected: visible\nScreenshot: file:/home/runner/work/FinalSurgeQA31/FinalSurgeQA31/build/reports/tests/1759873320292.44.png\nPage source: file:/home/runner/work/FinalSurgeQA31/FinalSurgeQA31/build/reports/tests/1759873320292.44.html\nTimeout: 10 s.\nCaused by: NoSuchElementException: no such element: Unable to locate element: {\"method\":\"xpath\",\"selector\":\"//a[@data-code='run']\"}","statusTrace":"Element not found {By.xpath: //a[@data-code='run']}\nExpected: visible\nScreenshot: file:/home/runner/work/FinalSurgeQA31/FinalSurgeQA31/build/reports/tests/1759873320292.44.png\nPage source: file:/home/runner/work/FinalSurgeQA31/FinalSurgeQA31/build/reports/tests/1759873320292.44.html\nTimeout: 10 s.\nCaused by: NoSuchElementException: no such element: Unable to locate element: {\"method\":\"xpath\",\"selector\":\"//a[@data-code='run']\"}\n\tat com.codeborne.selenide.impl.WebElementSource.createElementNotFoundError(WebElementSource.java:89)\n\tat com.codeborne.selenide.impl.ElementFinder.createElementNotFoundError(ElementFinder.java:129)\n\tat com.codeborne.selenide.impl.WebElementSource.handleError(WebElementSource.java:140)\n\tat com.codeborne.selenide.impl.WebElementSource.checkConditionAndReturnElement(WebElementSource.java:123)\n\tat com.codeborne.selenide.impl.WebElementSource.checkCondition(WebElementSource.java:99)\n\tat com.codeborne.selenide.commands.Should.execute(Should.java:24)\n\tat com.codeborne.selenide.FluentCommand.execute(FluentCommand.java:27)\n\tat com.codeborne.selenide.FluentCommand.execute(FluentCommand.java:19)\n\tat com.codeborne.selenide.commands.Commands.execute(Commands.java:160)\n\tat com.codeborne.selenide.impl.SelenideElementProxy.dispatchAndRetry(SelenideElementProxy.java:131)\n\tat com.codeborne.selenide.impl.SelenideElementProxy.invoke(SelenideElementProxy.java:83)\n\tat jdk.proxy2/jdk.proxy2.$Proxy27.shouldBe(Unknown Source)\n\tat pages.WorkoutAddPage.addWorkout(WorkoutAddPage.java:39)\n\tat tests.WorkoutAddTest.checkPositiveAddWorkoutWithValidDate(WorkoutAddTest.java:49)\n\tat java.base/jdk.internal.reflect.NativeMethodAccessorImpl.invoke0(Native Method)\n\tat java.base/jdk.internal.reflect.NativeMethodAccessorImpl.invoke(NativeMethodAccessorImpl.java:77)\n\tat java.base/jdk.internal.reflect.DelegatingMethodAccessorImpl.invoke(DelegatingMethodAccessorImpl.java:43)\n\tat java.base/java.lang.reflect.Method.invoke(Method.java:569)\n\tat org.testng.internal.invokers.MethodInvocationHelper.invokeMethod(MethodInvocationHelper.java:141)\n\tat org.testng.internal.invokers.TestInvoker.invokeMethod(TestInvoker.java:687)\n\tat org.testng.internal.invokers.TestInvoker.retryFailed(TestInvoker.java:269)\n\tat org.testng.internal.invokers.MethodRunner.runInSequence(MethodRunner.java:76)\n\tat org.testng.internal.invokers.TestInvoker$MethodInvocationAgent.invoke(TestInvoker.java:995)\n\tat org.testng.internal.invokers.TestInvoker.invokeTestMethods(TestInvoker.java:203)\n\tat org.testng.internal.invokers.TestMethodWorker.invokeTestMethods(TestMethodWorker.java:154)\n\tat org.testng.internal.invokers.TestMethodWorker.run(TestMethodWorker.java:134)\n\tat java.base/java.util.ArrayList.forEach(ArrayList.java:1511)\n\tat org.testng.TestRunner.privateRun(TestRunner.java:741)\n\tat org.testng.TestRunner.run(TestRunner.java:616)\n\tat org.testng.SuiteRunner.runTest(SuiteRunner.java:421)\n\tat org.testng.SuiteRunner$SuiteWorker.run(SuiteRunner.java:463)\n\tat org.testng.internal.thread.ThreadUtil.lambda$execute$0(ThreadUtil.java:64)\n\tat java.base/java.util.concurrent.FutureTask.run(FutureTask.java:264)\n\tat java.base/java.util.concurrent.ThreadPoolExecutor.runWorker(ThreadPoolExecutor.java:1136)\n\tat java.base/java.util.concurrent.ThreadPoolExecutor$Worker.run(ThreadPoolExecutor.java:635)\n\tat java.base/java.lang.Thread.run(Thread.java:840)\nCaused by: org.openqa.selenium.NoSuchElementException: no such element: Unable to locate element: {\"method\":\"xpath\",\"selector\":\"//a[@data-code='run']\"}\n  (Session info: chrome=140.0.7339.207)\nFor documentation on this error, please visit: https://www.selenium.dev/documentation/webdriver/troubleshooting/errors#no-such-element-exception\nBuild info: version: '4.35.0', revision: '1c58e5028b'\nSystem info: os.name: 'Linux', os.arch: 'amd64', os.version: '6.11.0-1018-azure', java.version: '17.0.16'\nDriver info: org.openqa.selenium.chrome.ChromeDriver\nCommand: [3825d56791aa9655bbf16a42e968aa3e, findElement {value=//a[@data-code='run'], using=xpath}]\nCapabilities {acceptInsecureCerts: true, browserName: chrome, browserVersion: 140.0.7339.207, chrome: {chromedriverVersion: 140.0.7339.207 (17230b545fd..., userDataDir: /tmp/.org.chromium.Chromium...}, fedcm:accounts: true, goog:chromeOptions: {debuggerAddress: localhost:42461}, networkConnectionEnabled: false, pageLoadStrategy: normal, platformName: linux, proxy: Proxy(), se:cdp: ws://localhost:42461/devtoo..., se:cdpVersion: 140.0.7339.207, setWindowRect: true, strictFileInteractability: false, timeouts: {implicit: 0, pageLoad: 300000, script: 30000}, unhandledPromptBehavior: accept, webauthn:extension:credBlob: true, webauthn:extension:largeBlob: true, webauthn:extension:minPinLength: true, webauthn:extension:prf: true, webauthn:virtualAuthenticators: true}\nSession ID: 3825d56791aa9655bbf16a42e968aa3e\n\tat jdk.internal.reflect.GeneratedConstructorAccessor17.newInstance(Unknown Source)\n\tat java.base/jdk.internal.reflect.DelegatingConstructorAccessorImpl.newInstance(DelegatingConstructorAccessorImpl.java:45)\n\tat java.base/java.lang.reflect.Constructor.newInstanceWithCaller(Constructor.java:500)\n\tat java.base/java.lang.reflect.Constructor.newInstance(Constructor.java:481)\n\tat org.openqa.selenium.remote.ErrorCodec.decode(ErrorCodec.java:167)\n\tat org.openqa.selenium.remote.codec.w3c.W3CHttpResponseCodec.decode(W3CHttpResponseCodec.java:138)\n\tat org.openqa.selenium.remote.codec.w3c.W3CHttpResponseCodec.decode(W3CHttpResponseCodec.java:50)\n\tat org.openqa.selenium.remote.HttpCommandExecutor.execute(HttpCommandExecutor.java:215)\n\tat org.openqa.selenium.remote.service.DriverCommandExecutor.invokeExecute(DriverCommandExecutor.java:216)\n\tat org.openqa.selenium.remote.service.DriverCommandExecutor.execute(DriverCommandExecutor.java:174)\n\tat org.openqa.selenium.remote.RemoteWebDriver.execute(RemoteWebDriver.java:557)\n\tat org.openqa.selenium.remote.ElementLocation$ElementFinder$2.findElement(ElementLocation.java:165)\n\tat org.openqa.selenium.remote.ElementLocation.findElement(ElementLocation.java:59)\n\tat org.openqa.selenium.remote.RemoteWebDriver.findElement(RemoteWebDriver.java:380)\n\tat org.openqa.selenium.remote.RemoteWebDriver.findElement(RemoteWebDriver.java:374)\n\tat com.codeborne.selenide.impl.WebElementSelector.findElement(WebElementSelector.java:67)\n\tat com.codeborne.selenide.impl.WebElementSelector.findElement(WebElementSelector.java:38)\n\tat com.codeborne.selenide.impl.WebElementSelector.findElement(WebElementSelector.java:29)\n\tat com.codeborne.selenide.impl.ElementFinder.getWebElement(ElementFinder.java:113)\n\tat com.codeborne.selenide.impl.WebElementSource.checkConditionAndReturnElement(WebElementSource.java:112)\n\t... 32 more\n","steps":[],"attachments":[],"parameters":[{"name":"dto","value":"Workout(date=10/27/2025, workoutName=, description=, distance=, selectFartlek=false)"}],"stepsCount":0,"shouldDisplayMessage":true,"attachmentsCount":0,"hasContent":true,"attachmentStep":false}],"attachments":[],"parameters":[],"stepsCount":5,"shouldDisplayMessage":false,"attachmentsCount":0,"hasContent":true,"attachmentStep":false},"afterStages":[{"name":"tearDown","time":{"start":1759873320352,"stop":1759873320474,"duration":122},"description":"","status":"passed","steps":[],"attachments":[{"uid":"797f2968ef5dc127","name":"Screenshot","source":"797f2968ef5dc127.png","type":"image/png","size":35482}],"parameters":[],"stepsCount":0,"shouldDisplayMessage":false,"attachmentsCount":1,"hasContent":true,"attachmentStep":false}],"labels":[{"name":"package","value":"tests.WorkoutAddTest"},{"name":"testClass","value":"tests.WorkoutAddTest"},{"name":"testMethod","value":"checkPositiveAddWorkoutWithValidDate"},{"name":"parentSuite","value":"TestNG sampler"},{"name":"suite","value":"TestNG one"},{"name":"subSuite","value":"tests.WorkoutAddTest"},{"name":"host","value":"runnervmwhb2z"},{"name":"thread","value":"2627@runnervmwhb2z.TestNG-tests-1(19)"},{"name":"framework","value":"testng"},{"name":"language","value":"java"},{"name":"resultFormat","value":"allure2"}],"parameters":[],"links":[],"hidden":false,"retry":false,"extra":{"severity":"normal","retries":[{"uid":"3417095f3f642eb2","status":"skipped","statusDetails":"Element not found {By.xpath: //a[@data-code='run']}\nExpected: visible\nScreenshot: file:/home/runner/work/FinalSurgeQA31/FinalSurgeQA31/build/reports/tests/1759873308824.43.png\nPage source: file:/home/runner/work/FinalSurgeQA31/FinalSurgeQA31/build/reports/tests/1759873308824.43.html\nTimeout: 10 s.\nCaused by: NoSuchElementException: no such element: Unable to locate element: {\"method\":\"xpath\",\"selector\":\"//a[@data-code='run']\"}","time":{"start":1759873297579,"stop":1759873308884,"duration":11305}},{"uid":"eb46d0ab728df10","status":"skipped","statusDetails":"Element not found {By.xpath: //a[@data-code='run']}\nExpected: visible\nScreenshot: file:/home/runner/work/FinalSurgeQA31/FinalSurgeQA31/build/reports/tests/1759873297444.42.png\nPage source: file:/home/runner/work/FinalSurgeQA31/FinalSurgeQA31/build/reports/tests/1759873297444.42.html\nTimeout: 10 s.\nCaused by: NoSuchElementException: no such element: Unable to locate element: {\"method\":\"xpath\",\"selector\":\"//a[@data-code='run']\"}","time":{"start":1759873285696,"stop":1759873297502,"duration":11806}}],"categories":[{"name":"Product defects","matchedStatuses":[],"flaky":false}],"history":{"statistic":{"failed":8,"broken":0,"skipped":6,"passed":1,"unknown":0,"total":15},"items":[{"uid":"e72a1be474b84cd0","reportUrl":"https://Ilya-Mamch.github.io/FinalSurgeQA31/15/#testresult/e72a1be474b84cd0","status":"passed","time":{"start":1759872653875,"stop":1759872658751,"duration":4876}},{"uid":"fbadaca963092dd0","reportUrl":"https://Ilya-Mamch.github.io/FinalSurgeQA31/15/#testresult/fbadaca963092dd0","status":"failed","statusDetails":"Element not found {By.xpath: //a[@data-code='run']}\nExpected: visible\nScreenshot: file:/home/runner/work/FinalSurgeQA31/FinalSurgeQA31/build/reports/tests/1759872075675.43.png\nPage source: file:/home/runner/work/FinalSurgeQA31/FinalSurgeQA31/build/reports/tests/1759872075675.43.html\nTimeout: 10 s.\nCaused by: NoSuchElementException: no such element: Unable to locate element: {\"method\":\"xpath\",\"selector\":\"//a[@data-code='run']\"}","time":{"start":1759872064858,"stop":1759872075741,"duration":10883}},{"uid":"225a9b04c66104ae","reportUrl":"https://Ilya-Mamch.github.io/FinalSurgeQA31/14/#testresult/225a9b04c66104ae","status":"failed","statusDetails":"Element not found {By.xpath: //a[@data-code='run']}\nExpected: visible\nScreenshot: file:/home/runner/work/FinalSurgeQA31/FinalSurgeQA31/build/reports/tests/1759871760985.44.png\nPage source: file:/home/runner/work/FinalSurgeQA31/FinalSurgeQA31/build/reports/tests/1759871760985.44.html\nTimeout: 10 s.\nCaused by: NoSuchElementException: no such element: Unable to locate element: {\"method\":\"xpath\",\"selector\":\"//a[@data-code='run']\"}","time":{"start":1759871750134,"stop":1759871761039,"duration":10905}},{"uid":"ef66b1341a5c04bd","reportUrl":"https://Ilya-Mamch.github.io/FinalSurgeQA31/13/#testresult/ef66b1341a5c04bd","status":"failed","statusDetails":"Element not found {By.xpath: //a[@data-code='run']}\nExpected: visible\nScreenshot: file:/home/runner/work/FinalSurgeQA31/FinalSurgeQA31/build/reports/tests/1759870929341.44.png\nPage source: file:/home/runner/work/FinalSurgeQA31/FinalSurgeQA31/build/reports/tests/1759870929341.44.html\nTimeout: 5 s.\nCaused by: NoSuchElementException: no such element: Unable to locate element: {\"method\":\"xpath\",\"selector\":\"//a[@data-code='run']\"}","time":{"start":1759870921858,"stop":1759870929401,"duration":7543}},{"uid":"7aeec9e33d74dada","reportUrl":"https://Ilya-Mamch.github.io/FinalSurgeQA31/12/#testresult/7aeec9e33d74dada","status":"skipped","statusDetails":"No webdriver is bound to current thread: 19. You need to call open(url) first.","time":{"start":1759870261200,"stop":1759870261200,"duration":0}},{"uid":"3c743ebfef000980","reportUrl":"https://Ilya-Mamch.github.io/FinalSurgeQA31/11/#testresult/3c743ebfef000980","status":"failed","statusDetails":"Element not found {By.xpath: //a[@data-code='run']}\nExpected: visible\nScreenshot: file:/home/runner/work/FinalSurgeQA31/FinalSurgeQA31/build/reports/tests/1759867871936.44.png\nPage source: file:/home/runner/work/FinalSurgeQA31/FinalSurgeQA31/build/reports/tests/1759867871936.44.html\nTimeout: 10 s.\nCaused by: NoSuchElementException: no such element: Unable to locate element: {\"method\":\"xpath\",\"selector\":\"//a[@data-code='run']\"}","time":{"start":1759867861189,"stop":1759867871995,"duration":10806}},{"uid":"ef9840b14d92694a","reportUrl":"https://Ilya-Mamch.github.io/FinalSurgeQA31/10/#testresult/ef9840b14d92694a","status":"failed","statusDetails":"Element not found {By.xpath: //a[@data-code='run']}\nExpected: visible\nScreenshot: file:/home/runner/work/FinalSurgeQA31/FinalSurgeQA31/build/reports/tests/1759865538953.44.png\nPage source: file:/home/runner/work/FinalSurgeQA31/FinalSurgeQA31/build/reports/tests/1759865538953.44.html\nTimeout: 5 s.\nCaused by: NoSuchElementException: no such element: Unable to locate element: {\"method\":\"xpath\",\"selector\":\"//a[@data-code='run']\"}","time":{"start":1759865533113,"stop":1759865539006,"duration":5893}},{"uid":"17cff7f2834ea3b4","reportUrl":"https://Ilya-Mamch.github.io/FinalSurgeQA31/9/#testresult/17cff7f2834ea3b4","status":"failed","statusDetails":"Element not found {By.xpath: //a[@data-code='run']}\nExpected: visible\nScreenshot: file:/home/runner/work/FinalSurgeQA31/FinalSurgeQA31/build/reports/tests/1759864908819.44.png\nPage source: file:/home/runner/work/FinalSurgeQA31/FinalSurgeQA31/build/reports/tests/1759864908819.44.html\nTimeout: 5 s.\nCaused by: NoSuchElementException: no such element: Unable to locate element: {\"method\":\"xpath\",\"selector\":\"//a[@data-code='run']\"}","time":{"start":1759864902590,"stop":1759864908883,"duration":6293}},{"uid":"1b8588d197fa096c","reportUrl":"https://Ilya-Mamch.github.io/FinalSurgeQA31/6/#testresult/1b8588d197fa096c","status":"skipped","statusDetails":"No webdriver is bound to current thread: 20. You need to call open(url) first.","time":{"start":1759864654172,"stop":1759864654172,"duration":0}},{"uid":"aeaa77b1659b8953","reportUrl":"https://Ilya-Mamch.github.io/FinalSurgeQA31/8/#testresult/aeaa77b1659b8953","status":"failed","statusDetails":"Element not found {By.xpath: //a[@data-code='run']}\nExpected: visible\nScreenshot: file:/home/runner/work/FinalSurgeQA31/FinalSurgeQA31/build/reports/tests/1759864412836.44.png\nPage source: file:/home/runner/work/FinalSurgeQA31/FinalSurgeQA31/build/reports/tests/1759864412836.44.html\nTimeout: 5 s.\nCaused by: NoSuchElementException: no such element: Unable to locate element: {\"method\":\"xpath\",\"selector\":\"//a[@data-code='run']\"}","time":{"start":1759864406175,"stop":1759864412901,"duration":6726}},{"uid":"65f2a04799b66c9e","reportUrl":"https://Ilya-Mamch.github.io/FinalSurgeQA31/6/#testresult/65f2a04799b66c9e","status":"skipped","statusDetails":"No webdriver is bound to current thread: 20. You need to call open(url) first.","time":{"start":1759864258135,"stop":1759864258136,"duration":1}},{"uid":"2ab62f7c9572e671","reportUrl":"https://Ilya-Mamch.github.io/FinalSurgeQA31/6/#testresult/2ab62f7c9572e671","status":"skipped","statusDetails":"No webdriver is bound to current thread: 20. You need to call open(url) first.","time":{"start":1759863490787,"stop":1759863490787,"duration":0}},{"uid":"a545f688882adb16","reportUrl":"https://Ilya-Mamch.github.io/FinalSurgeQA31/7/#testresult/a545f688882adb16","status":"skipped","statusDetails":"No webdriver is bound to current thread: 20. You need to call open(url) first.","time":{"start":1759863453340,"stop":1759863453340,"duration":0}},{"uid":"465402dd4d1559da","reportUrl":"https://Ilya-Mamch.github.io/FinalSurgeQA31/6/#testresult/465402dd4d1559da","status":"skipped","statusDetails":"No webdriver is bound to current thread: 20. You need to call open(url) first.","time":{"start":1759862433021,"stop":1759862433022,"duration":1}}]},"tags":[]},"source":"3cc30de48b1ef0bb.json","parameterValues":[]}